<?xml version="1.0" encoding="UTF-8"?>
<!-- Generated by org.testng.reporters.JUnitReportReporter -->
<testsuite skipped="0" hostname="OmarFaruk" name="com.qa.opencart.tests.ProductInfoPageTest" tests="3" failures="0" timestamp="22 Jun 2021 19:32:55 GMT" time="24.145" errors="0">
  <testcase name="productInfoTest" time="7.872" classname="com.qa.opencart.tests.ProductInfoPageTest"/>
  <testcase name="productInfoHeaderTest" time="9.631" classname="com.qa.opencart.tests.ProductInfoPageTest"/>
  <testcase name="productImagesTest" time="6.642" classname="com.qa.opencart.tests.ProductInfoPageTest"/>
</testsuite> <!-- com.qa.opencart.tests.ProductInfoPageTest -->
