<?xml version="1.0" encoding="UTF-8"?>
<!-- Generated by org.testng.reporters.JUnitReportReporter -->
<testsuite skipped="0" hostname="OmarFaruk" name="com.qa.opencart.tests.LoginPageTest" tests="4" failures="0" timestamp="24 Jun 2021 18:38:55 GMT" time="6.596" errors="0">
  <testcase name="loginTest" time="4.498" classname="com.qa.opencart.tests.LoginPageTest"/>
  <testcase name="loginPageTitleTest" time="0.065" classname="com.qa.opencart.tests.LoginPageTest"/>
  <testcase name="forgotPwdLinkTest" time="1.712" classname="com.qa.opencart.tests.LoginPageTest"/>
  <testcase name="loginPageFooterLinksTest" time="0.321" classname="com.qa.opencart.tests.LoginPageTest"/>
</testsuite> <!-- com.qa.opencart.tests.LoginPageTest -->
