<?xml version="1.0" encoding="UTF-8"?>
<!-- Generated by org.testng.reporters.JUnitReportReporter -->
<testsuite skipped="0" hostname="OmarFaruk" name="com.qa.opencart.tests.LoginPageNegativeTest" tests="5" failures="0" timestamp="17 Jun 2021 22:45:37 GMT" time="34.582" errors="0">
  <testcase name="loginTest_negative" time="6.880" classname="com.qa.opencart.tests.LoginPageNegativeTest"/>
  <testcase name="loginTest_negative" time="6.852" classname="com.qa.opencart.tests.LoginPageNegativeTest"/>
  <testcase name="loginTest_negative" time="6.801" classname="com.qa.opencart.tests.LoginPageNegativeTest"/>
  <testcase name="loginTest_negative" time="7.166" classname="com.qa.opencart.tests.LoginPageNegativeTest"/>
  <testcase name="loginTest_negative" time="6.883" classname="com.qa.opencart.tests.LoginPageNegativeTest"/>
</testsuite> <!-- com.qa.opencart.tests.LoginPageNegativeTest -->
