<?xml version="1.0" encoding="UTF-8"?>
<!-- Generated by org.testng.reporters.JUnitReportReporter -->
<testsuite skipped="0" hostname="OmarFaruk" name="com.qa.opencart.tests.RegistrationPageTest" tests="3" failures="0" timestamp="22 Jun 2021 19:32:55 GMT" time="73.284" errors="0">
  <testcase name="userRegistrationTest" time="24.020" classname="com.qa.opencart.tests.RegistrationPageTest"/>
  <testcase name="userRegistrationTest" time="24.832" classname="com.qa.opencart.tests.RegistrationPageTest"/>
  <testcase name="userRegistrationTest" time="24.432" classname="com.qa.opencart.tests.RegistrationPageTest"/>
</testsuite> <!-- com.qa.opencart.tests.RegistrationPageTest -->
